[debug] [2024-11-03T14:46:52.036Z] ----------------------------------------------------------------------
[debug] [2024-11-03T14:46:52.039Z] Command:       C:\Program Files\nodejs\node.exe C:\Users\ESQUISITE GROUP\AppData\Roaming\npm\node_modules\firebase-tools\lib\bin\firebase.js login:ci
[debug] [2024-11-03T14:46:52.039Z] CLI Version:   13.23.1
[debug] [2024-11-03T14:46:52.039Z] Platform:      win32
[debug] [2024-11-03T14:46:52.039Z] Node Version:  v22.2.0
[debug] [2024-11-03T14:46:52.040Z] Time:          Sun Nov 03 2024 15:46:52 GMT+0100 (West Africa Standard Time)
[debug] [2024-11-03T14:46:52.040Z] ----------------------------------------------------------------------
[debug] 
[warn] !  Authenticating with a `login:ci` token is deprecated and will be removed in a future major version of `firebase-tools`. Instead, use a service account key with `GOOGLE_APPLICATION_CREDENTIALS`: https://cloud.google.com/docs/authentication/getting-started 
[info] 
[info] Visit this URL on this device to log in:
[info] https://accounts.google.com/o/oauth2/auth?client_id=563584335869-fgrhgmd47bqnekij5i8b5pr03ho849e6.apps.googleusercontent.com&scope=email%20openid%20https%3A%2F%2Fwww.googleapis.com%2Fauth%2Fcloudplatformprojects.readonly%20https%3A%2F%2Fwww.googleapis.com%2Fauth%2Ffirebase%20https%3A%2F%2Fwww.googleapis.com%2Fauth%2Fcloud-platform&response_type=code&state=469557829&redirect_uri=http%3A%2F%2Flocalhost%3A9005
[info] 
[info] Waiting for authentication...
[debug] [2024-11-03T14:46:52.135Z] Unable to open URL: Error: spawn UNKNOWN
    at ChildProcess.spawn (node:internal/child_process:421:11)
    at Object.spawn (node:child_process:760:9)
    at module.exports (C:\Users\ESQUISITE GROUP\AppData\Roaming\npm\node_modules\firebase-tools\node_modules\open\index.js:114:34)
    at open (C:\Users\ESQUISITE GROUP\AppData\Roaming\npm\node_modules\firebase-tools\lib\auth.js:136:5)
    at Server.<anonymous> (C:\Users\ESQUISITE GROUP\AppData\Roaming\npm\node_modules\firebase-tools\lib\auth.js:369:13)
    at Object.onceWrapper (node:events:634:28)
    at Server.emit (node:events:532:35)
    at Server.emit (node:domain:488:12)
    at emitListeningNT (node:net:1932:10)
    at process.processTicksAndRejections (node:internal/process/task_queues:81:21)
